{"/home/pizzasperoni/Dev/MELI/ejercicio/client/src/actions/listActions.js": {"path":"/home/pizzasperoni/Dev/MELI/ejercicio/client/src/actions/listActions.js","statementMap":{"0":{"start":{"line":3,"column":20},"end":{"line":3,"column":54}},"1":{"start":{"line":5,"column":27},"end":{"line":11,"column":1}},"2":{"start":{"line":5,"column":47},"end":{"line":11,"column":1}},"3":{"start":{"line":6,"column":2},"end":{"line":6,"column":38}},"4":{"start":{"line":7,"column":2},"end":{"line":10,"column":4}},"5":{"start":{"line":13,"column":34},"end":{"line":29,"column":1}},"6":{"start":{"line":13,"column":42},"end":{"line":29,"column":1}},"7":{"start":{"line":14,"column":12},"end":{"line":14,"column":33}},"8":{"start":{"line":15,"column":23},"end":{"line":15,"column":25}},"9":{"start":{"line":17,"column":2},"end":{"line":28,"column":3}},"10":{"start":{"line":18,"column":4},"end":{"line":18,"column":26}},"11":{"start":{"line":19,"column":4},"end":{"line":19,"column":27}},"12":{"start":{"line":21,"column":4},"end":{"line":21,"column":33}},"13":{"start":{"line":22,"column":4},"end":{"line":25,"column":6}},"14":{"start":{"line":27,"column":4},"end":{"line":27,"column":44}}},"fnMap":{"0":{"name":"(anonymous_0)","decl":{"start":{"line":5,"column":27},"end":{"line":5,"column":28}},"loc":{"start":{"line":5,"column":47},"end":{"line":11,"column":1}},"line":5},"1":{"name":"(anonymous_1)","decl":{"start":{"line":5,"column":47},"end":{"line":5,"column":48}},"loc":{"start":{"line":5,"column":59},"end":{"line":11,"column":1}},"line":5},"2":{"name":"(anonymous_2)","decl":{"start":{"line":13,"column":34},"end":{"line":13,"column":35}},"loc":{"start":{"line":13,"column":42},"end":{"line":29,"column":1}},"line":13},"3":{"name":"(anonymous_3)","decl":{"start":{"line":13,"column":42},"end":{"line":13,"column":43}},"loc":{"start":{"line":13,"column":60},"end":{"line":29,"column":1}},"line":13}},"branchMap":{},"s":{"0":3,"1":3,"2":1,"3":1,"4":1,"5":3,"6":1,"7":1,"8":1,"9":1,"10":1,"11":1,"12":0,"13":0,"14":1},"f":{"0":1,"1":1,"2":1,"3":1},"b":{},"_coverageSchema":"43e27e138ebf9cfc5966b082cf9a028302ed4184","hash":"bfef869e51a597db61f5a34781a552c184fce86c"}
,"/home/pizzasperoni/Dev/MELI/ejercicio/client/src/actions/searchBarActions.js": {"path":"/home/pizzasperoni/Dev/MELI/ejercicio/client/src/actions/searchBarActions.js","statementMap":{"0":{"start":{"line":3,"column":19},"end":{"line":3,"column":52}},"1":{"start":{"line":5,"column":29},"end":{"line":25,"column":1}},"2":{"start":{"line":5,"column":42},"end":{"line":25,"column":1}},"3":{"start":{"line":6,"column":12},"end":{"line":6,"column":40}},"4":{"start":{"line":7,"column":17},"end":{"line":7,"column":19}},"5":{"start":{"line":9,"column":2},"end":{"line":24,"column":3}},"6":{"start":{"line":10,"column":4},"end":{"line":10,"column":26}},"7":{"start":{"line":11,"column":4},"end":{"line":11,"column":27}},"8":{"start":{"line":12,"column":4},"end":{"line":12,"column":31}},"9":{"start":{"line":14,"column":4},"end":{"line":17,"column":6}},"10":{"start":{"line":18,"column":4},"end":{"line":21,"column":6}},"11":{"start":{"line":23,"column":4},"end":{"line":23,"column":44}},"12":{"start":{"line":27,"column":26},"end":{"line":32,"column":1}},"13":{"start":{"line":27,"column":32},"end":{"line":32,"column":1}},"14":{"start":{"line":28,"column":2},"end":{"line":31,"column":4}},"15":{"start":{"line":34,"column":30},"end":{"line":39,"column":1}},"16":{"start":{"line":34,"column":47},"end":{"line":39,"column":1}},"17":{"start":{"line":35,"column":2},"end":{"line":38,"column":4}}},"fnMap":{"0":{"name":"(anonymous_0)","decl":{"start":{"line":5,"column":29},"end":{"line":5,"column":30}},"loc":{"start":{"line":5,"column":42},"end":{"line":25,"column":1}},"line":5},"1":{"name":"(anonymous_1)","decl":{"start":{"line":5,"column":42},"end":{"line":5,"column":43}},"loc":{"start":{"line":5,"column":60},"end":{"line":25,"column":1}},"line":5},"2":{"name":"(anonymous_2)","decl":{"start":{"line":27,"column":26},"end":{"line":27,"column":27}},"loc":{"start":{"line":27,"column":32},"end":{"line":32,"column":1}},"line":27},"3":{"name":"(anonymous_3)","decl":{"start":{"line":27,"column":32},"end":{"line":27,"column":33}},"loc":{"start":{"line":27,"column":44},"end":{"line":32,"column":1}},"line":27},"4":{"name":"(anonymous_4)","decl":{"start":{"line":34,"column":30},"end":{"line":34,"column":31}},"loc":{"start":{"line":34,"column":47},"end":{"line":39,"column":1}},"line":34},"5":{"name":"(anonymous_5)","decl":{"start":{"line":34,"column":47},"end":{"line":34,"column":48}},"loc":{"start":{"line":34,"column":58},"end":{"line":39,"column":1}},"line":34}},"branchMap":{},"s":{"0":3,"1":3,"2":1,"3":1,"4":1,"5":1,"6":1,"7":1,"8":0,"9":0,"10":0,"11":1,"12":3,"13":1,"14":1,"15":3,"16":1,"17":1},"f":{"0":1,"1":1,"2":1,"3":1,"4":1,"5":1},"b":{},"_coverageSchema":"43e27e138ebf9cfc5966b082cf9a028302ed4184","hash":"d9c172a4b9c45497239f3eac7657e4de85a988ab"}
,"/home/pizzasperoni/Dev/MELI/ejercicio/client/src/actions/types.js": {"path":"/home/pizzasperoni/Dev/MELI/ejercicio/client/src/actions/types.js","statementMap":{"0":{"start":{"line":1,"column":30},"end":{"line":1,"column":46}},"1":{"start":{"line":2,"column":27},"end":{"line":2,"column":40}},"2":{"start":{"line":3,"column":32},"end":{"line":3,"column":50}},"3":{"start":{"line":4,"column":27},"end":{"line":4,"column":40}},"4":{"start":{"line":5,"column":27},"end":{"line":5,"column":40}},"5":{"start":{"line":6,"column":30},"end":{"line":6,"column":46}}},"fnMap":{},"branchMap":{},"s":{"0":4,"1":4,"2":4,"3":4,"4":4,"5":4},"f":{},"b":{},"_coverageSchema":"43e27e138ebf9cfc5966b082cf9a028302ed4184","hash":"3a292525b2885ca1c73f4e1a0c22a47f4f8dcb9f"}
,"/home/pizzasperoni/Dev/MELI/ejercicio/client/src/components/details/Details.js": {"path":"/home/pizzasperoni/Dev/MELI/ejercicio/client/src/components/details/Details.js","statementMap":{"0":{"start":{"line":2,"column":16},"end":{"line":30,"column":1}},"1":{"start":{"line":3,"column":25},"end":{"line":3,"column":38}},"2":{"start":{"line":4,"column":2},"end":{"line":29,"column":3}},"3":{"start":{"line":23,"column":14},"end":{"line":23,"column":43}}},"fnMap":{"0":{"name":"(anonymous_0)","decl":{"start":{"line":2,"column":16},"end":{"line":2,"column":17}},"loc":{"start":{"line":2,"column":27},"end":{"line":30,"column":1}},"line":2},"1":{"name":"(anonymous_1)","decl":{"start":{"line":22,"column":55},"end":{"line":22,"column":56}},"loc":{"start":{"line":22,"column":67},"end":{"line":24,"column":13}},"line":22}},"branchMap":{},"s":{"0":3,"1":1,"2":1,"3":1},"f":{"0":1,"1":1},"b":{},"_coverageSchema":"43e27e138ebf9cfc5966b082cf9a028302ed4184","hash":"1bf1c8b3a10d4e735397e566ec9d94b3d9da761d"}
,"/home/pizzasperoni/Dev/MELI/ejercicio/client/src/components/form/SingleInput.js": {"path":"/home/pizzasperoni/Dev/MELI/ejercicio/client/src/components/form/SingleInput.js","statementMap":{"0":{"start":{"line":6,"column":20},"end":{"line":27,"column":1}},"1":{"start":{"line":7,"column":2},"end":{"line":26,"column":3}}},"fnMap":{"0":{"name":"(anonymous_0)","decl":{"start":{"line":6,"column":20},"end":{"line":6,"column":21}},"loc":{"start":{"line":6,"column":31},"end":{"line":27,"column":1}},"line":6}},"branchMap":{},"s":{"0":3,"1":1},"f":{"0":1},"b":{},"_coverageSchema":"43e27e138ebf9cfc5966b082cf9a028302ed4184","hash":"32aa6b9d2a9ef138b3a1000ca33064d84cb3e686"}
,"/home/pizzasperoni/Dev/MELI/ejercicio/client/src/components/loading/Spinner.js": {"path":"/home/pizzasperoni/Dev/MELI/ejercicio/client/src/components/loading/Spinner.js","statementMap":{"0":{"start":{"line":6,"column":17},"end":{"line":12,"column":1}},"1":{"start":{"line":21,"column":4},"end":{"line":31,"column":5}}},"fnMap":{"0":{"name":"(anonymous_0)","decl":{"start":{"line":20,"column":2},"end":{"line":20,"column":3}},"loc":{"start":{"line":20,"column":11},"end":{"line":32,"column":3}},"line":20}},"branchMap":{},"s":{"0":3,"1":1},"f":{"0":1},"b":{},"_coverageSchema":"43e27e138ebf9cfc5966b082cf9a028302ed4184","hash":"2b05eaeeaec04175db68e64ed5b14b791ce143fa"}
,"/home/pizzasperoni/Dev/MELI/ejercicio/client/src/components/table/Categories.js": {"path":"/home/pizzasperoni/Dev/MELI/ejercicio/client/src/components/table/Categories.js","statementMap":{"0":{"start":{"line":3,"column":19},"end":{"line":16,"column":1}},"1":{"start":{"line":4,"column":2},"end":{"line":15,"column":3}},"2":{"start":{"line":8,"column":10},"end":{"line":10,"column":11}},"3":{"start":{"line":9,"column":12},"end":{"line":9,"column":67}},"4":{"start":{"line":11,"column":10},"end":{"line":11,"column":65}}},"fnMap":{"0":{"name":"(anonymous_0)","decl":{"start":{"line":3,"column":19},"end":{"line":3,"column":20}},"loc":{"start":{"line":3,"column":30},"end":{"line":16,"column":1}},"line":3},"1":{"name":"(anonymous_1)","decl":{"start":{"line":7,"column":29},"end":{"line":7,"column":30}},"loc":{"start":{"line":7,"column":48},"end":{"line":12,"column":9}},"line":7}},"branchMap":{"0":{"loc":{"start":{"line":8,"column":10},"end":{"line":10,"column":11}},"type":"if","locations":[{"start":{"line":8,"column":10},"end":{"line":10,"column":11}},{"start":{"line":8,"column":10},"end":{"line":10,"column":11}}],"line":8}},"s":{"0":3,"1":1,"2":3,"3":0,"4":3},"f":{"0":1,"1":3},"b":{"0":[0,3]},"_coverageSchema":"43e27e138ebf9cfc5966b082cf9a028302ed4184","hash":"7e35b70968317f8be8811165a3beb6382ba95e57"}
,"/home/pizzasperoni/Dev/MELI/ejercicio/client/src/components/table/ListElement.js": {"path":"/home/pizzasperoni/Dev/MELI/ejercicio/client/src/components/table/ListElement.js","statementMap":{"0":{"start":{"line":6,"column":20},"end":{"line":36,"column":1}},"1":{"start":{"line":7,"column":2},"end":{"line":35,"column":3}}},"fnMap":{"0":{"name":"(anonymous_0)","decl":{"start":{"line":6,"column":20},"end":{"line":6,"column":21}},"loc":{"start":{"line":6,"column":31},"end":{"line":36,"column":1}},"line":6}},"branchMap":{"0":{"loc":{"start":{"line":19,"column":18},"end":{"line":22,"column":31}},"type":"cond-expr","locations":[{"start":{"line":20,"column":20},"end":{"line":20,"column":69}},{"start":{"line":22,"column":20},"end":{"line":22,"column":31}}],"line":19}},"s":{"0":1,"1":1},"f":{"0":1},"b":{"0":[1,0]},"_coverageSchema":"43e27e138ebf9cfc5966b082cf9a028302ed4184","hash":"d20ea6bd18eea5a1e0851b0fe284c1bbcd9eb0d5"}
,"/home/pizzasperoni/Dev/MELI/ejercicio/client/src/containers/Details/DetailsContainer.js": {"path":"/home/pizzasperoni/Dev/MELI/ejercicio/client/src/containers/Details/DetailsContainer.js","statementMap":{"0":{"start":{"line":15,"column":4},"end":{"line":18,"column":5}},"1":{"start":{"line":16,"column":6},"end":{"line":16,"column":62}},"2":{"start":{"line":17,"column":6},"end":{"line":17,"column":35}},"3":{"start":{"line":22,"column":4},"end":{"line":39,"column":5}},"4":{"start":{"line":43,"column":24},"end":{"line":47,"column":2}},"5":{"start":{"line":43,"column":34},"end":{"line":47,"column":1}},"6":{"start":{"line":49,"column":27},"end":{"line":54,"column":1}},"7":{"start":{"line":50,"column":2},"end":{"line":53,"column":14}},"8":{"start":{"line":56,"column":0},"end":{"line":62,"column":1}}},"fnMap":{"0":{"name":"(anonymous_0)","decl":{"start":{"line":14,"column":2},"end":{"line":14,"column":3}},"loc":{"start":{"line":14,"column":22},"end":{"line":19,"column":3}},"line":14},"1":{"name":"(anonymous_1)","decl":{"start":{"line":21,"column":2},"end":{"line":21,"column":3}},"loc":{"start":{"line":21,"column":11},"end":{"line":40,"column":3}},"line":21},"2":{"name":"(anonymous_2)","decl":{"start":{"line":43,"column":24},"end":{"line":43,"column":25}},"loc":{"start":{"line":43,"column":34},"end":{"line":47,"column":1}},"line":43},"3":{"name":"(anonymous_3)","decl":{"start":{"line":49,"column":27},"end":{"line":49,"column":28}},"loc":{"start":{"line":49,"column":39},"end":{"line":54,"column":1}},"line":49}},"branchMap":{"0":{"loc":{"start":{"line":15,"column":4},"end":{"line":18,"column":5}},"type":"if","locations":[{"start":{"line":15,"column":4},"end":{"line":18,"column":5}},{"start":{"line":15,"column":4},"end":{"line":18,"column":5}}],"line":15},"1":{"loc":{"start":{"line":28,"column":10},"end":{"line":35,"column":17}},"type":"cond-expr","locations":[{"start":{"line":30,"column":12},"end":{"line":30,"column":59}},{"start":{"line":33,"column":11},"end":{"line":35,"column":16}}],"line":28},"2":{"loc":{"start":{"line":28,"column":10},"end":{"line":28,"column":75}},"type":"binary-expr","locations":[{"start":{"line":28,"column":10},"end":{"line":28,"column":44}},{"start":{"line":28,"column":48},"end":{"line":28,"column":75}}],"line":28}},"s":{"0":0,"1":0,"2":0,"3":0,"4":2,"5":0,"6":2,"7":0,"8":2},"f":{"0":0,"1":0,"2":0,"3":0},"b":{"0":[0,0],"1":[0,0],"2":[0,0]},"_coverageSchema":"43e27e138ebf9cfc5966b082cf9a028302ed4184","hash":"733bf9ec83f616b5f7211bc586f9861a4fea6fdc"}
,"/home/pizzasperoni/Dev/MELI/ejercicio/client/src/containers/SearchBar/SearchBarContainer.js": {"path":"/home/pizzasperoni/Dev/MELI/ejercicio/client/src/containers/SearchBar/SearchBarContainer.js","statementMap":{"0":{"start":{"line":16,"column":4},"end":{"line":16,"column":22}},"1":{"start":{"line":17,"column":4},"end":{"line":17,"column":27}},"2":{"start":{"line":18,"column":4},"end":{"line":18,"column":52}},"3":{"start":{"line":19,"column":4},"end":{"line":19,"column":32}},"4":{"start":{"line":20,"column":4},"end":{"line":20,"column":70}},"5":{"start":{"line":24,"column":22},"end":{"line":24,"column":36}},"6":{"start":{"line":25,"column":4},"end":{"line":25,"column":42}},"7":{"start":{"line":29,"column":4},"end":{"line":35,"column":5}},"8":{"start":{"line":39,"column":0},"end":{"line":47,"column":1}},"9":{"start":{"line":50,"column":27},"end":{"line":57,"column":1}},"10":{"start":{"line":51,"column":2},"end":{"line":56,"column":14}},"11":{"start":{"line":60,"column":24},"end":{"line":64,"column":2}},"12":{"start":{"line":60,"column":34},"end":{"line":64,"column":1}}},"fnMap":{"0":{"name":"(anonymous_0)","decl":{"start":{"line":15,"column":16},"end":{"line":15,"column":17}},"loc":{"start":{"line":15,"column":22},"end":{"line":21,"column":3}},"line":15},"1":{"name":"(anonymous_1)","decl":{"start":{"line":23,"column":16},"end":{"line":23,"column":17}},"loc":{"start":{"line":23,"column":21},"end":{"line":26,"column":3}},"line":23},"2":{"name":"(anonymous_2)","decl":{"start":{"line":28,"column":2},"end":{"line":28,"column":3}},"loc":{"start":{"line":28,"column":11},"end":{"line":36,"column":3}},"line":28},"3":{"name":"(anonymous_3)","decl":{"start":{"line":50,"column":27},"end":{"line":50,"column":28}},"loc":{"start":{"line":50,"column":39},"end":{"line":57,"column":1}},"line":50},"4":{"name":"(anonymous_4)","decl":{"start":{"line":60,"column":24},"end":{"line":60,"column":25}},"loc":{"start":{"line":60,"column":34},"end":{"line":64,"column":1}},"line":60}},"branchMap":{},"s":{"0":0,"1":0,"2":0,"3":0,"4":0,"5":0,"6":0,"7":0,"8":2,"9":2,"10":0,"11":2,"12":0},"f":{"0":0,"1":0,"2":0,"3":0,"4":0},"b":{},"_coverageSchema":"43e27e138ebf9cfc5966b082cf9a028302ed4184","hash":"abd3b2e652fcc61a6b6b6c9bf1bfb927bee6f4bb"}
}
