TN:
SF:/home/pizzasperoni/Dev/MELI/ejercicio/client/src/actions/listActions.js
FN:5,(anonymous_0)
FN:5,(anonymous_1)
FN:13,(anonymous_2)
FN:13,(anonymous_3)
FNF:4
FNH:4
FNDA:1,(anonymous_0)
FNDA:1,(anonymous_1)
FNDA:1,(anonymous_2)
FNDA:1,(anonymous_3)
DA:3,3
DA:5,3
DA:6,1
DA:7,1
DA:13,3
DA:14,1
DA:15,1
DA:17,1
DA:18,1
DA:19,1
DA:21,0
DA:22,0
DA:27,1
LF:13
LH:11
BRF:0
BRH:0
end_of_record
TN:
SF:/home/pizzasperoni/Dev/MELI/ejercicio/client/src/actions/searchBarActions.js
FN:5,(anonymous_0)
FN:5,(anonymous_1)
FN:27,(anonymous_2)
FN:27,(anonymous_3)
FN:34,(anonymous_4)
FN:34,(anonymous_5)
FNF:6
FNH:6
FNDA:1,(anonymous_0)
FNDA:1,(anonymous_1)
FNDA:1,(anonymous_2)
FNDA:1,(anonymous_3)
FNDA:1,(anonymous_4)
FNDA:1,(anonymous_5)
DA:3,3
DA:5,3
DA:6,1
DA:7,1
DA:9,1
DA:10,1
DA:11,1
DA:12,0
DA:14,0
DA:18,0
DA:23,1
DA:27,3
DA:28,1
DA:34,3
DA:35,1
LF:15
LH:12
BRF:0
BRH:0
end_of_record
TN:
SF:/home/pizzasperoni/Dev/MELI/ejercicio/client/src/actions/types.js
FNF:0
FNH:0
DA:1,4
DA:2,4
DA:3,4
DA:4,4
DA:5,4
DA:6,4
LF:6
LH:6
BRF:0
BRH:0
end_of_record
TN:
SF:/home/pizzasperoni/Dev/MELI/ejercicio/client/src/components/details/Details.js
FN:2,(anonymous_0)
FN:22,(anonymous_1)
FNF:2
FNH:2
FNDA:1,(anonymous_0)
FNDA:1,(anonymous_1)
DA:2,3
DA:3,1
DA:4,1
DA:23,1
LF:4
LH:4
BRF:0
BRH:0
end_of_record
TN:
SF:/home/pizzasperoni/Dev/MELI/ejercicio/client/src/components/form/SingleInput.js
FN:6,(anonymous_0)
FNF:1
FNH:1
FNDA:1,(anonymous_0)
DA:6,3
DA:7,1
LF:2
LH:2
BRF:0
BRH:0
end_of_record
TN:
SF:/home/pizzasperoni/Dev/MELI/ejercicio/client/src/components/loading/Spinner.js
FN:20,(anonymous_0)
FNF:1
FNH:1
FNDA:1,(anonymous_0)
DA:6,3
DA:21,1
LF:2
LH:2
BRF:0
BRH:0
end_of_record
TN:
SF:/home/pizzasperoni/Dev/MELI/ejercicio/client/src/components/table/Categories.js
FN:3,(anonymous_0)
FN:7,(anonymous_1)
FNF:2
FNH:2
FNDA:1,(anonymous_0)
FNDA:3,(anonymous_1)
DA:3,3
DA:4,1
DA:8,3
DA:9,0
DA:11,3
LF:5
LH:4
BRDA:8,0,0,0
BRDA:8,0,1,3
BRF:2
BRH:1
end_of_record
TN:
SF:/home/pizzasperoni/Dev/MELI/ejercicio/client/src/components/table/ListElement.js
FN:6,(anonymous_0)
FNF:1
FNH:1
FNDA:1,(anonymous_0)
DA:6,1
DA:7,1
LF:2
LH:2
BRDA:19,0,0,1
BRDA:19,0,1,0
BRF:2
BRH:1
end_of_record
TN:
SF:/home/pizzasperoni/Dev/MELI/ejercicio/client/src/containers/Details/DetailsContainer.js
FN:14,(anonymous_0)
FN:21,(anonymous_1)
FN:43,(anonymous_2)
FN:49,(anonymous_3)
FNF:4
FNH:0
FNDA:0,(anonymous_0)
FNDA:0,(anonymous_1)
FNDA:0,(anonymous_2)
FNDA:0,(anonymous_3)
DA:15,0
DA:16,0
DA:17,0
DA:22,0
DA:43,2
DA:49,2
DA:50,0
DA:56,2
LF:8
LH:3
BRDA:15,0,0,0
BRDA:15,0,1,0
BRDA:28,1,0,0
BRDA:28,1,1,0
BRDA:28,2,0,0
BRDA:28,2,1,0
BRF:6
BRH:0
end_of_record
TN:
SF:/home/pizzasperoni/Dev/MELI/ejercicio/client/src/containers/SearchBar/SearchBarContainer.js
FN:15,(anonymous_0)
FN:23,(anonymous_1)
FN:28,(anonymous_2)
FN:50,(anonymous_3)
FN:60,(anonymous_4)
FNF:5
FNH:0
FNDA:0,(anonymous_0)
FNDA:0,(anonymous_1)
FNDA:0,(anonymous_2)
FNDA:0,(anonymous_3)
FNDA:0,(anonymous_4)
DA:16,0
DA:17,0
DA:18,0
DA:19,0
DA:20,0
DA:24,0
DA:25,0
DA:29,0
DA:39,2
DA:50,2
DA:51,0
DA:60,2
LF:12
LH:3
BRF:0
BRH:0
end_of_record
